<?xml version="1.0" encoding="UTF-8"?>
<!-- Generated by org.testng.reporters.JUnitXMLReporter -->
<testsuite ignored="0" hostname="BG-PW08G2P5" failures="0" tests="3" name="E2E Test" time="41.08" errors="0" timestamp="2025-01-21T11:50:11 EET">
  <testcase classname="tests.SubmitOrderTest" name="submitOrder" time="11.391"/>
  <testcase classname="tests.SubmitOrderTest" name="submitOrder" time="10.908"/>
  <testcase classname="tests.SubmitOrderTest" name="orderHistory" time="0.997"/>
</testsuite> <!-- E2E Test -->
